<?xml version="1.0" encoding="UTF-8"?>
<!-- Generated by org.testng.reporters.JUnitXMLReporter -->
<testsuite hostname="RANA" failures="0" tests="6" name="Default test" time="105.687" errors="0" timestamp="29 Mar 2020 16:46:51 GMT">
  <testcase classname="com.facebook.tests.LoginPageTest" name="titleCheckTest" time="0.02"/>
  <testcase classname="com.facebook.tests.LoginPageTest" name="userLoginTest" time="12.991"/>
  <testcase classname="com.facebook.tests.LoginPageTest" name="invalidUserLoginTest" time="2.321"/>
  <testcase classname="com.facebook.tests.LoginPageTest" name="userRegisterTest" time="7.717"/>
  <testcase classname="com.facebook.tests.LoginPageTest" name="forgetPasswordTest" time="4.327"/>
  <testcase classname="com.facebook.tests.LoginPageTest" name="footerLinkTest" time="5.025"/>
</testsuite> <!-- Default test -->
